19:30:52 INFO  [Main] [Geode]: Running Geode v4.9.0 in Geometry Dash v2.2074 on Windows
19:30:52 INFO  [Main] [Geode]: Setting up internal mod
19:30:52 INFO  [Main] [Geode]: Setting up loader
19:30:52 INFO  [Main] [Geode]:   Loading launch arguments
19:30:52 INFO  [Main] [Geode]:   Setting up crash handler
19:30:52 INFO  [Main] [Geode]:   Loading hooks
19:30:52 INFO  [Main] [Geode]:   Setting up directories
19:30:52 INFO  [Main] [Geode]:   Refreshing mod graph
19:30:52 INFO  [Main] [Geode]:     Queueing mods
19:30:52 INFO  [Main] [Geode]:     Populating mod list
19:30:52 INFO  [Main] [Geode]:     Building mod graph
19:30:52 INFO  [Main] [Geode]:     Ordering mod stack
19:30:52 INFO  [Main] [Geode]:     Loading early mods
19:30:52 INFO  [Main] [Geode]:       Loading mod eclipse.eclipse-menu v1.4.0
19:30:52 WARN  [Main] [Geode]:         CustomButton contains unknown key "default"
19:30:52 WARN  [Main] [Eclipse]:       Failed to set cocos2d::CCScheduler::update hook priority!
19:30:52 INFO  [Main] [Eclipse]:       TPS Bypass: Patch enabled at offset 0x232294
19:30:52 INFO  [Main] [Eclipse]:       Initializing Discord RPC
19:30:52 INFO  [Main] [Eclipse]:       Added bitmap fonts to search path: C:\Program Files (x86)\Steam\steamapps\common\Geometry Dash\geode\config\eclipse.eclipse-menu\bmfonts
19:30:52 INFO  [Main] [Geode]: Starting loader update check
19:30:52 INFO  [Main] [Geode]: Entry took 0.418s
19:30:53 INFO  [Main] [Geode]: Loading non-early mods
19:30:53 INFO  [Main] [Geode]:   Loading mod geode.node-ids v1.21.1
19:30:53 INFO  [Main] [Geode]: Latest Geode version is v4.9.0
19:30:53 INFO  [Main] [Geode]:   Finding problems
19:30:53 INFO  [Main] [Geode]:       eclipse.eclipse-menu suggests eclipse.ffmpeg-api >=v1.2.0
19:30:53 INFO  [Main] [Geode]:       eclipse.eclipse-menu suggests dankmeme.globed2 >=v1.8.5
19:30:55 INFO  [Main] [Geode]: All mods up to date!
19:32:18 INFO  [Main] [Geode]: Saving mod data...
19:32:18 INFO  [Main] [Geode]:   Took 0.002s
