20:48:37 INFO  [Main] [Geode]: Running Geode v4.9.0 in Geometry Dash v2.2074 on Windows
20:48:37 INFO  [Main] [Geode]: Setting up internal mod
20:48:37 INFO  [Main] [Geode]: Setting up loader
20:48:37 INFO  [Main] [Geode]:   Loading launch arguments
20:48:37 INFO  [Main] [Geode]:   Setting up crash handler
20:48:37 INFO  [Main] [Geode]:   Loading hooks
20:48:37 INFO  [Main] [Geode]:   Setting up directories
20:48:37 INFO  [Main] [Geode]:   Refreshing mod graph
20:48:37 INFO  [Main] [Geode]:     Queueing mods
20:48:37 INFO  [Main] [Geode]:     Populating mod list
20:48:37 INFO  [Main] [Geode]:     Building mod graph
20:48:37 INFO  [Main] [Geode]:     Ordering mod stack
20:48:37 INFO  [Main] [Geode]:     Loading early mods
20:48:37 INFO  [Main] [Geode]:       Loading mod eclipse.eclipse-menu v1.4.0
20:48:37 WARN  [Main] [Geode]:         CustomButton contains unknown key "default"
20:48:37 WARN  [Main] [Eclipse]:       Failed to set cocos2d::CCScheduler::update hook priority!
20:48:37 INFO  [Main] [Eclipse]:       TPS Bypass: Patch enabled at offset 0x232294
20:48:37 INFO  [Main] [Eclipse]:       Initializing Discord RPC
20:48:37 INFO  [Main] [Eclipse]:       Added bitmap fonts to search path: C:\Program Files (x86)\Steam\steamapps\common\Geometry Dash\geode\config\eclipse.eclipse-menu\bmfonts
20:48:37 INFO  [Main] [Geode]: Starting loader update check
20:48:37 INFO  [Main] [Geode]: Entry took 0.278s
20:48:38 INFO  [Main] [Geode]: Loading non-early mods
20:48:38 INFO  [Main] [Geode]:   Loading mod geode.node-ids v1.21.1
20:48:38 INFO  [Main] [Geode]: Latest Geode version is v4.9.0
20:48:38 INFO  [Main] [Geode]:   Finding problems
20:48:38 INFO  [Main] [Geode]:       eclipse.eclipse-menu suggests eclipse.ffmpeg-api >=v1.2.0
20:48:38 INFO  [Main] [Geode]:       eclipse.eclipse-menu suggests dankmeme.globed2 >=v1.8.5
20:48:40 INFO  [Main] [Geode]: All mods up to date!
20:59:55 INFO  [Main] [Geode]: Saving mod data...
20:59:55 INFO  [Main] [Geode]:   Took 0.002s
