10:00:52 INFO  [Main] [Geode]: Running Geode v4.9.0 in Geometry Dash v2.2074 on Windows
10:00:52 INFO  [Main] [Geode]: Setting up internal mod
10:00:52 INFO  [Main] [Geode]: Setting up loader
10:00:52 INFO  [Main] [Geode]:   Loading launch arguments
10:00:52 INFO  [Main] [Geode]:   Setting up crash handler
10:00:52 INFO  [Main] [Geode]:   Loading hooks
10:00:52 INFO  [Main] [Geode]:   Setting up directories
10:00:52 INFO  [Main] [Geode]:   Refreshing mod graph
10:00:52 INFO  [Main] [Geode]:     Queueing mods
10:00:52 INFO  [Main] [Geode]:     Populating mod list
10:00:52 INFO  [Main] [Geode]:     Building mod graph
10:00:52 INFO  [Main] [Geode]:     Ordering mod stack
10:00:52 INFO  [Main] [Geode]:     Loading early mods
10:00:52 INFO  [Main] [Geode]: Starting loader update check
10:00:52 INFO  [Main] [Geode]: Entry took 0.006s
10:00:53 INFO  [Main] [Geode]: Loading non-early mods
10:00:53 INFO  [Main] [Geode]:   Finding problems
10:00:53 INFO  [Main] [Geode]: Latest Geode version is v4.9.0
10:00:54 INFO  [Main] [Geode]: All mods up to date!
10:01:44 INFO  [Main] [Geode]: Saving mod data...
10:01:44 INFO  [Main] [Geode]:   Took 0.002s
